<?xml version="1.0" encoding="UTF-8"?>
<!-- Generated by org.testng.reporters.JUnitReportReporter -->
<testsuite hostname="Sanjay-LT" failures="0" tests="3" name="com.mnt.qa.testcases.LoginPageTest" time="69.807" errors="0" timestamp="2020-07-18T16:53:48 IST" skipped="0">
  <testcase classname="com.mnt.qa.testcases.LoginPageTest" name="loginPageTitleTest" time="19.025"/>
  <system-out/>
  <testcase classname="com.mnt.qa.testcases.LoginPageTest" name="loginPageValidateLogoImgTest" time="21.297"/>
  <system-out/>
  <testcase classname="com.mnt.qa.testcases.LoginPageTest" name="loginPageLoginTest" time="29.485"/>
  <system-out/>
</testsuite> <!-- com.mnt.qa.testcases.LoginPageTest -->
