<?xml version="1.0" encoding="UTF-8"?>
<!-- Generated by org.testng.reporters.JUnitReportReporter -->
<testsuite hostname="Sanjay-LT" failures="0" tests="3" name="com.mnt.qa.testcases.LoginPageTest" time="80.750" errors="0" timestamp="2020-07-19T18:53:36 IST" skipped="0">
  <testcase classname="com.mnt.qa.testcases.LoginPageTest" name="loginPageTitleTest" time="31.625"/>
  <system-out/>
  <testcase classname="com.mnt.qa.testcases.LoginPageTest" name="loginPageValidateLogoImgTest" time="25.848"/>
  <system-out/>
  <testcase classname="com.mnt.qa.testcases.LoginPageTest" name="loginPageLoginTest" time="23.277"/>
  <system-out/>
</testsuite> <!-- com.mnt.qa.testcases.LoginPageTest -->
